<?xml version="1.0" encoding="UTF-8"?>
<testng-results ignored="0" total="1" passed="1" failed="0" skipped="0">
  <reporter-output>
  </reporter-output>
  <suite started-at="2024-05-27T11:04:27 IST" name="Default suite" finished-at="2024-05-27T11:04:27 IST" duration-ms="73">
    <groups>
    </groups>
    <test started-at="2024-05-27T11:04:27 IST" name="Default test" finished-at="2024-05-27T11:04:27 IST" duration-ms="73">
      <class name="Strings4.AAAA">
        <test-method signature="main()[pri:0, instance:Strings4.AAAA@524d6d96]" started-at="2024-05-27T11:04:27 IST" name="main" finished-at="2024-05-27T11:04:27 IST" duration-ms="14" status="PASS">
          <reporter-output>
          </reporter-output>
        </test-method> <!-- main -->
      </class> <!-- Strings4.AAAA -->
    </test> <!-- Default test -->
  </suite> <!-- Default suite -->
</testng-results>
